TN:
SF:/Users/shulyugin/Sites/jerry-test/src/index.spec.ts
FN:3,(anonymous_0)
FN:5,(anonymous_1)
FNF:2
FNH:2
FNDA:1,(anonymous_0)
FNDA:1,(anonymous_1)
DA:1,1
DA:3,1
DA:5,1
DA:7,1
DA:9,1
DA:10,1
DA:12,1
DA:13,1
DA:15,1
DA:16,1
DA:18,1
DA:19,1
DA:21,1
DA:22,1
DA:24,1
DA:25,1
DA:27,1
DA:28,1
DA:30,1
DA:31,1
DA:33,1
DA:34,1
DA:36,1
DA:37,1
LF:24
LH:24
BRF:0
BRH:0
end_of_record
TN:
SF:/Users/shulyugin/Sites/jerry-test/src/index.ts
FN:10,(anonymous_0)
FN:14,(anonymous_2)
FN:45,(anonymous_3)
FN:83,(anonymous_4)
FN:87,(anonymous_5)
FN:88,(anonymous_6)
FN:91,(anonymous_7)
FNF:7
FNH:7
FNDA:3,(anonymous_0)
FNDA:12,(anonymous_2)
FNDA:8,(anonymous_3)
FNDA:10,(anonymous_4)
FNDA:20,(anonymous_5)
FNDA:40,(anonymous_6)
FNDA:86,(anonymous_7)
DA:10,1
DA:12,2
DA:14,1
DA:15,12
DA:18,2
DA:20,10
DA:22,10
DA:23,10
DA:26,4
DA:27,4
DA:29,2
DA:30,2
DA:34,2
DA:36,0
DA:37,0
DA:39,8
DA:42,10
DA:45,1
DA:46,8
DA:49,2
DA:51,6
DA:53,6
DA:54,6
DA:58,2
DA:60,2
DA:62,4
DA:67,2
DA:69,0
DA:72,2
DA:75,4
DA:78,6
DA:80,6
DA:83,1
DA:84,10
DA:87,1
DA:88,40
DA:91,118
DA:93,28
DA:95,58
DA:96,58
DA:98,4
DA:101,30
DA:103,24
DA:106,1
DA:109,1
DA:111,1
DA:112,1
DA:115,1
DA:116,1
DA:119,1
DA:120,1
DA:123,1
DA:124,1
DA:127,1
DA:128,1
DA:131,1
DA:132,1
DA:135,1
DA:136,1
DA:139,1
DA:140,1
DA:143,1
DA:144,1
DA:147,1
DA:148,1
LF:65
LH:62
BRDA:28,0,0,6
BRDA:28,0,1,4
BRDA:35,1,0,8
BRDA:35,1,1,2
BRDA:78,2,0,0
BRDA:78,2,1,6
BRDA:91,3,0,32
BRDA:91,3,1,54
BRF:8
BRH:7
end_of_record
TN:
SF:/Users/shulyugin/Sites/jerry-test/tests/unit/spec-bundle.js
FN:5,requireAll
FNF:1
FNH:1
FNDA:1,requireAll
DA:1,1
DA:3,1
DA:6,1
DA:9,1
LF:4
LH:4
BRF:0
BRH:0
end_of_record
